[debug] [2022-06-01T13:11:39.037Z] ----------------------------------------------------------------------
[debug] [2022-06-01T13:11:39.046Z] Command:       C:\Program Files\nodejs\node.exe C:\Users\Administrador\AppData\Roaming\npm\node_modules\firebase-tools\lib\bin\firebase.js init
[debug] [2022-06-01T13:11:39.049Z] CLI Version:   11.0.1
[debug] [2022-06-01T13:11:39.049Z] Platform:      win32
[debug] [2022-06-01T13:11:39.050Z] Node Version:  v17.2.0
[debug] [2022-06-01T13:11:39.126Z] Time:          Wed Jun 01 2022 10:11:39 GMT-0300 (hora estándar de Argentina)
[debug] [2022-06-01T13:11:39.127Z] ----------------------------------------------------------------------
[debug] 
[debug] [2022-06-01T13:11:39.165Z] > command requires scopes: ["email","openid","https://www.googleapis.com/auth/cloudplatformprojects.readonly","https://www.googleapis.com/auth/firebase","https://www.googleapis.com/auth/cloud-platform"]
[debug] [2022-06-01T13:11:39.168Z] > authorizing via signed-in user (ezequieljumilla35@gmail.com)
[info] 
     ######## #### ########  ######## ########     ###     ######  ########
     ##        ##  ##     ## ##       ##     ##  ##   ##  ##       ##
     ######    ##  ########  ######   ########  #########  ######  ######
     ##        ##  ##    ##  ##       ##     ## ##     ##       ## ##
     ##       #### ##     ## ######## ########  ##     ##  ######  ########

You're about to initialize a Firebase project in this directory:

  C:\Users\Administrador\Desktop\Proyectos para el portafolio\netflix\netflix

[info] 
=== Project Setup
[info] 
[info] First, let's associate this project directory with a Firebase project.
[info] You can create multiple project aliases by running firebase use --add, 
[info] but for now we'll just set up a default project.
[info] 
[debug] [2022-06-01T13:12:24.683Z] >>> [apiv2][query] GET https://firebase.googleapis.com/v1beta1/projects pageSize=100
[debug] [2022-06-01T13:12:25.632Z] <<< [apiv2][status] GET https://firebase.googleapis.com/v1beta1/projects 200
[debug] [2022-06-01T13:12:25.633Z] <<< [apiv2][body] GET https://firebase.googleapis.com/v1beta1/projects [omitted]
[info] i  Using project netflix-clone-39f8e (netflix-clone) 
[info] 
=== Hosting Setup
[info] 
[info] Your public directory is the folder (relative to your project directory) that
[info] will contain Hosting assets to be uploaded with firebase deploy. If you
[info] have a build process for your assets, use your build's output directory.
[info] 
[debug] [2022-06-01T13:13:29.493Z] >>> [apiv2][query] GET https://www.gstatic.com/firebasejs/releases.json [none]
[debug] [2022-06-01T13:13:30.194Z] <<< [apiv2][status] GET https://www.gstatic.com/firebasejs/releases.json 200
[debug] [2022-06-01T13:13:30.195Z] <<< [apiv2][body] GET https://www.gstatic.com/firebasejs/releases.json {"current":{"version":"9.8.2","browserURL":"https://www.gstatic.com/firebasejs/9.8.2/firebase.js","packageURL":"https://www.gstatic.com/firebasejs/9.8.2/firebase.tgz"},"live":{"version":"9.8","browserURL":"https://www.gstatic.com/firebasejs/live/9.8/firebase.js","packageURL":"https://www.gstatic.com/firebasejs/live/9.8/firebase.tgz"},"components":{"analytics":"https://www.gstatic.com/firebasejs/9.8.2/firebase-analytics.js","app":"https://www.gstatic.com/firebasejs/9.8.2/firebase-app.js","app-check":"https://www.gstatic.com/firebasejs/9.8.2/firebase-app-check.js","auth":"https://www.gstatic.com/firebasejs/9.8.2/firebase-auth.js","auth/cordova":"https://www.gstatic.com/firebasejs/9.8.2/firebase-auth/cordova.js","auth/react-native":"https://www.gstatic.com/firebasejs/9.8.2/firebase-auth/react-native.js","functions":"https://www.gstatic.com/firebasejs/9.8.2/firebase-functions.js","firestore":"https://www.gstatic.com/firebasejs/9.8.2/firebase-firestore.js","firestore/lite":"https://www.gstatic.com/firebasejs/9.8.2/firebase-firestore/lite.js","storage":"https://www.gstatic.com/firebasejs/9.8.2/firebase-storage.js","performance":"https://www.gstatic.com/firebasejs/9.8.2/firebase-performance.js","remote-config":"https://www.gstatic.com/firebasejs/9.8.2/firebase-remote-config.js","messaging":"https://www.gstatic.com/firebasejs/9.8.2/firebase-messaging.js","messaging/sw":"https://www.gstatic.com/firebasejs/9.8.2/firebase-messaging/sw.js","database":"https://www.gstatic.com/firebasejs/9.8.2/firebase-database.js","firestore.memory":"https://www.gstatic.com/firebasejs/9.8.2/firebase-firestore.memory.js"}}
[info] +  Wrote build/index.html 
[info] 
[info] i  Detected a .git folder at C:\Users\Administrador\Desktop\Proyectos para el portafolio\netflix\netflix 
[info] i  Authorizing with GitHub to upload your service account to a GitHub repository's secrets store. 
[info] 
[info] Visit this URL on this device to log in:
[info] https://github.com/login/oauth/authorize?client_id=89cf50f02ac6aaed3484&state=974886247&redirect_uri=http%3A%2F%2Flocalhost%3A9005&scope=read%3Auser%20repo%20public_repo
[info] 
[info] Waiting for authentication...
[debug] [2022-06-01T13:13:46.601Z] >>> HTTP REQUEST POST https://github.com/login/oauth/access_token  
 {"client_id":"89cf50f02ac6aaed3484","client_secret":"3330d14abc895d9a74d5f17cd7a00711fa2c5bf0","code":"6cd075f6c2bb45796ca0","redirect_uri":"http://localhost:9005","state":"974886247"}
[debug] [2022-06-01T13:13:47.372Z] <<< HTTP RESPONSE 200 {"server":"GitHub.com","date":"Wed, 01 Jun 2022 13:14:20 GMT","content-type":"application/json; charset=utf-8","transfer-encoding":"chunked","vary":"X-PJAX, X-PJAX-Container, Turbo-Visit, Turbo-Frame, Accept-Encoding, Accept, X-Requested-With","permissions-policy":"interest-cohort=()","etag":"W/\"32d857c46167498a32396ad9a98513d7\"","cache-control":"max-age=0, private, must-revalidate","strict-transport-security":"max-age=31536000; includeSubdomains; preload","x-frame-options":"deny","x-content-type-options":"nosniff","x-xss-protection":"0","referrer-policy":"origin-when-cross-origin, strict-origin-when-cross-origin","expect-ct":"max-age=2592000, report-uri=\"https://api.github.com/_private/browser/errors\"","content-security-policy":"default-src 'none'; base-uri 'self'; block-all-mixed-content; child-src github.com/assets-cdn/worker/ gist.github.com/assets-cdn/worker/; connect-src 'self' uploads.github.com objects-origin.githubusercontent.com www.githubstatus.com collector.github.com raw.githubusercontent.com api.github.com github-cloud.s3.amazonaws.com github-production-repository-file-5c1aeb.s3.amazonaws.com github-production-upload-manifest-file-7fdce7.s3.amazonaws.com github-production-user-asset-6210df.s3.amazonaws.com cdn.optimizely.com logx.optimizely.com/v1/events *.actions.githubusercontent.com wss://*.actions.githubusercontent.com online.visualstudio.com/api/v1/locations github-production-repository-image-32fea6.s3.amazonaws.com github-production-release-asset-2e65be.s3.amazonaws.com insights.github.com wss://alive.github.com; font-src github.githubassets.com; form-action 'self' github.com gist.github.com objects-origin.githubusercontent.com; frame-ancestors 'none'; frame-src render.githubusercontent.com viewscreen.githubusercontent.com notebooks.githubusercontent.com; img-src 'self' data: github.githubassets.com identicons.github.com github-cloud.s3.amazonaws.com secured-user-images.githubusercontent.com/ github-production-user-asset-6210df.s3.amazonaws.com *.githubusercontent.com; manifest-src 'self'; media-src github.com user-images.githubusercontent.com/; script-src github.githubassets.com; style-src 'unsafe-inline' github.githubassets.com; worker-src github.com/assets-cdn/worker/ gist.github.com/assets-cdn/worker/","x-github-request-id":"1334:20EA:2BE19A:4AA920:6297662C"}
[debug] [2022-06-01T13:13:47.438Z] >>> [apiv2][query] GET https://api.github.com/user [none]
[debug] [2022-06-01T13:13:47.959Z] <<< [apiv2][status] GET https://api.github.com/user 200
[debug] [2022-06-01T13:13:47.960Z] <<< [apiv2][body] GET https://api.github.com/user {"login":"EzequielJumilla","id":87672400,"node_id":"MDQ6VXNlcjg3NjcyNDAw","avatar_url":"https://avatars.githubusercontent.com/u/87672400?v=4","gravatar_id":"","url":"https://api.github.com/users/EzequielJumilla","html_url":"https://github.com/EzequielJumilla","followers_url":"https://api.github.com/users/EzequielJumilla/followers","following_url":"https://api.github.com/users/EzequielJumilla/following{/other_user}","gists_url":"https://api.github.com/users/EzequielJumilla/gists{/gist_id}","starred_url":"https://api.github.com/users/EzequielJumilla/starred{/owner}{/repo}","subscriptions_url":"https://api.github.com/users/EzequielJumilla/subscriptions","organizations_url":"https://api.github.com/users/EzequielJumilla/orgs","repos_url":"https://api.github.com/users/EzequielJumilla/repos","events_url":"https://api.github.com/users/EzequielJumilla/events{/privacy}","received_events_url":"https://api.github.com/users/EzequielJumilla/received_events","type":"User","site_admin":false,"name":"Ezequiel Jumilla","company":null,"blog":"","location":"Argentina","email":null,"hireable":null,"bio":"Frontend Developer\r\n\r\n-React.JS\r\n-Javascript\r\n-Css\r\n-Bootstrap\r\n-Sass\r\n-Html","twitter_username":null,"public_repos":1,"public_gists":0,"followers":0,"following":0,"created_at":"2021-07-19T20:01:00Z","updated_at":"2022-05-18T23:02:12Z","private_gists":0,"total_private_repos":0,"owned_private_repos":0,"disk_usage":0,"collaborators":0,"two_factor_authentication":false,"plan":{"name":"free","space":976562499,"collaborators":0,"private_repos":10000}}
[info] 
[info] +  Success! Logged into GitHub as EzequielJumilla 
[info] 
[debug] [2022-06-01T13:14:46.801Z] >>> [apiv2][query] GET https://api.github.com/repos/y/actions/secrets/public-key type=owner
[debug] [2022-06-01T13:14:47.207Z] <<< [apiv2][status] GET https://api.github.com/repos/y/actions/secrets/public-key 404
[debug] [2022-06-01T13:14:47.208Z] <<< [apiv2][body] GET https://api.github.com/repos/y/actions/secrets/public-key {"message":"Not Found","documentation_url":"https://docs.github.com/rest"}
[debug] [2022-06-01T13:15:00.038Z] >>> [apiv2][query] GET https://api.github.com/repos/repository/actions/secrets/public-key type=owner
[debug] [2022-06-01T13:15:00.497Z] <<< [apiv2][status] GET https://api.github.com/repos/repository/actions/secrets/public-key 404
[debug] [2022-06-01T13:15:00.498Z] <<< [apiv2][body] GET https://api.github.com/repos/repository/actions/secrets/public-key {"message":"Not Found","documentation_url":"https://docs.github.com/rest"}
[debug] [2022-06-01T13:16:07.742Z] >>> [apiv2][query] GET https://api.github.com/repos/repository/actions/secrets/public-key type=owner
[debug] [2022-06-01T13:16:08.190Z] <<< [apiv2][status] GET https://api.github.com/repos/repository/actions/secrets/public-key 404
[debug] [2022-06-01T13:16:08.191Z] <<< [apiv2][body] GET https://api.github.com/repos/repository/actions/secrets/public-key {"message":"Not Found","documentation_url":"https://docs.github.com/rest"}
[debug] [2022-06-01T13:16:09.290Z] >>> [apiv2][query] GET https://api.github.com/repos/repository/actions/secrets/public-key type=owner
[debug] [2022-06-01T13:16:09.656Z] <<< [apiv2][status] GET https://api.github.com/repos/repository/actions/secrets/public-key 404
[debug] [2022-06-01T13:16:09.657Z] <<< [apiv2][body] GET https://api.github.com/repos/repository/actions/secrets/public-key {"message":"Not Found","documentation_url":"https://docs.github.com/rest"}
[debug] [2022-06-01T13:16:22.203Z] >>> [apiv2][query] GET https://api.github.com/repos/user/actions/secrets/public-key type=owner
[debug] [2022-06-01T13:16:22.584Z] <<< [apiv2][status] GET https://api.github.com/repos/user/actions/secrets/public-key 404
[debug] [2022-06-01T13:16:22.584Z] <<< [apiv2][body] GET https://api.github.com/repos/user/actions/secrets/public-key {"message":"Not Found","documentation_url":"https://docs.github.com/rest"}
[debug] [2022-06-01T13:17:43.539Z] >>> [apiv2][query] GET https://api.github.com/repos/repository/actions/secrets/public-key type=owner
[debug] [2022-06-01T13:17:43.991Z] <<< [apiv2][status] GET https://api.github.com/repos/repository/actions/secrets/public-key 404
[debug] [2022-06-01T13:17:43.991Z] <<< [apiv2][body] GET https://api.github.com/repos/repository/actions/secrets/public-key {"message":"Not Found","documentation_url":"https://docs.github.com/rest"}
[debug] [2022-06-01T13:17:47.389Z] >>> [apiv2][query] GET https://api.github.com/repos/repository /actions/secrets/public-key type=owner
[debug] [2022-06-01T13:17:47.764Z] <<< [apiv2][status] GET https://api.github.com/repos/repository /actions/secrets/public-key 404
[debug] [2022-06-01T13:17:47.764Z] <<< [apiv2][body] GET https://api.github.com/repos/repository /actions/secrets/public-key {"message":"Not Found","documentation_url":"https://docs.github.com/rest"}
[debug] [2022-06-01T13:17:47.834Z] >>> [apiv2][query] GET https://api.github.com/repos/repository /actions/secrets/public-key type=owner
[debug] [2022-06-01T13:17:48.053Z] >>> [apiv2][query] GET https://api.github.com/repos//actions/secrets/public-key type=owner
[debug] [2022-06-01T13:17:48.207Z] <<< [apiv2][status] GET https://api.github.com/repos/repository /actions/secrets/public-key 404
[debug] [2022-06-01T13:17:48.208Z] <<< [apiv2][body] GET https://api.github.com/repos/repository /actions/secrets/public-key {"message":"Not Found","documentation_url":"https://docs.github.com/rest"}
[debug] [2022-06-01T13:17:48.302Z] >>> [apiv2][query] GET https://api.github.com/repos/repository /actions/secrets/public-key type=owner
[debug] [2022-06-01T13:17:48.404Z] <<< [apiv2][status] GET https://api.github.com/repos//actions/secrets/public-key 404
[debug] [2022-06-01T13:17:48.405Z] <<< [apiv2][body] GET https://api.github.com/repos//actions/secrets/public-key {"message":"Not Found","documentation_url":"https://docs.github.com/rest"}
[debug] [2022-06-01T13:17:48.552Z] >>> [apiv2][query] GET https://api.github.com/repos//actions/secrets/public-key type=owner
[debug] [2022-06-01T13:17:48.663Z] <<< [apiv2][status] GET https://api.github.com/repos/repository /actions/secrets/public-key 404
[debug] [2022-06-01T13:17:48.664Z] <<< [apiv2][body] GET https://api.github.com/repos/repository /actions/secrets/public-key {"message":"Not Found","documentation_url":"https://docs.github.com/rest"}
[debug] [2022-06-01T13:17:48.902Z] <<< [apiv2][status] GET https://api.github.com/repos//actions/secrets/public-key 404
[debug] [2022-06-01T13:17:48.902Z] <<< [apiv2][body] GET https://api.github.com/repos//actions/secrets/public-key {"message":"Not Found","documentation_url":"https://docs.github.com/rest"}
[debug] [2022-06-01T13:17:49.450Z] >>> [apiv2][query] GET https://api.github.com/repos/repository /actions/secrets/public-key type=owner
[debug] [2022-06-01T13:17:49.670Z] >>> [apiv2][query] GET https://api.github.com/repos//actions/secrets/public-key type=owner
[debug] [2022-06-01T13:17:49.799Z] <<< [apiv2][status] GET https://api.github.com/repos/repository /actions/secrets/public-key 404
[debug] [2022-06-01T13:17:49.800Z] <<< [apiv2][body] GET https://api.github.com/repos/repository /actions/secrets/public-key {"message":"Not Found","documentation_url":"https://docs.github.com/rest"}
[debug] [2022-06-01T13:17:49.899Z] >>> [apiv2][query] GET https://api.github.com/repos/repository /actions/secrets/public-key type=owner
[debug] [2022-06-01T13:17:50.054Z] <<< [apiv2][status] GET https://api.github.com/repos//actions/secrets/public-key 404
[debug] [2022-06-01T13:17:50.054Z] <<< [apiv2][body] GET https://api.github.com/repos//actions/secrets/public-key {"message":"Not Found","documentation_url":"https://docs.github.com/rest"}
[debug] [2022-06-01T13:17:50.250Z] <<< [apiv2][status] GET https://api.github.com/repos/repository /actions/secrets/public-key 404
[debug] [2022-06-01T13:17:50.250Z] <<< [apiv2][body] GET https://api.github.com/repos/repository /actions/secrets/public-key {"message":"Not Found","documentation_url":"https://docs.github.com/rest"}
[debug] [2022-06-01T13:17:50.288Z] >>> [apiv2][query] GET https://api.github.com/repos/repository /actions/secrets/public-key type=owner
[debug] [2022-06-01T13:17:50.646Z] <<< [apiv2][status] GET https://api.github.com/repos/repository /actions/secrets/public-key 404
[debug] [2022-06-01T13:17:50.647Z] <<< [apiv2][body] GET https://api.github.com/repos/repository /actions/secrets/public-key {"message":"Not Found","documentation_url":"https://docs.github.com/rest"}
[debug] [2022-06-01T13:18:51.608Z] >>> [apiv2][query] GET https://api.github.com/repos/repositoryName/actions/secrets/public-key type=owner
[debug] [2022-06-01T13:18:52.050Z] <<< [apiv2][status] GET https://api.github.com/repos/repositoryName/actions/secrets/public-key 404
[debug] [2022-06-01T13:18:52.051Z] <<< [apiv2][body] GET https://api.github.com/repos/repositoryName/actions/secrets/public-key {"message":"Not Found","documentation_url":"https://docs.github.com/rest"}
[debug] [2022-06-01T13:19:28.847Z] >>> [apiv2][query] GET https://api.github.com/repos/build/actions/secrets/public-key type=owner
[debug] [2022-06-01T13:19:29.200Z] <<< [apiv2][status] GET https://api.github.com/repos/build/actions/secrets/public-key 404
[debug] [2022-06-01T13:19:29.200Z] <<< [apiv2][body] GET https://api.github.com/repos/build/actions/secrets/public-key {"message":"Not Found","documentation_url":"https://docs.github.com/rest"}
[debug] [2022-06-01T13:24:17.137Z] Error: kill ENOSYS
    at process.kill (node:internal/process/per_thread:214:13)
    at process.listener (C:\Users\Administrador\AppData\Roaming\npm\node_modules\firebase-tools\node_modules\signal-exit\index.js:95:15)
    at process.emit (node:events:390:28)
[error] 
[error] Error: An unexpected error has occurred.
